<?xml version="1.0" encoding="UTF-8"?>
<!-- Generated by org.testng.reporters.JUnitXMLReporter -->
<testsuite ignored="0" hostname="MCKL-20005588" failures="0" tests="3" name="Default test" time="64.132" errors="0" timestamp="2022-07-29T10:55:29 IST">
  <testcase classname="com.dbxp.comviva.Applyloan" name="launchspocify" time="7.115"/>
  <testcase classname="com.dbxp.comviva.Applyloan" name="loginSpocify" time="48.067"/>
  <testcase classname="com.dbxp.comviva.Applyloan" name="gotoProductSectionAndFillup" time="8.923"/>
</testsuite> <!-- Default test -->
