<?xml version="1.0" encoding="UTF-8"?>
<testng-results ignored="0" total="1" passed="1" failed="0" skipped="0">
  <reporter-output>
  </reporter-output>
  <suite started-at="2023-01-16T13:19:45 IST" name="Default suite" finished-at="2023-01-16T13:19:45 IST" duration-ms="476">
    <groups>
    </groups>
    <test started-at="2023-01-16T13:19:45 IST" name="Default test" finished-at="2023-01-16T13:19:45 IST" duration-ms="476">
      <class name="com.pdf.PDFC">
        <test-method signature="comparePDF()[pri:0, instance:com.pdf.PDFC@5f9b2141]" started-at="2023-01-16T13:19:45 IST" name="comparePDF" finished-at="2023-01-16T13:19:45 IST" duration-ms="451" status="PASS">
          <reporter-output>
          </reporter-output>
        </test-method> <!-- comparePDF -->
      </class> <!-- com.pdf.PDFC -->
    </test> <!-- Default test -->
  </suite> <!-- Default suite -->
</testng-results>
